Start testing: Feb 12 22:04 GMT
----------------------------------------------------------
1/2 Testing: test_triplet
1/2 Test: test_triplet
Command: "/home/andrear/tqDist/bin/test_triplet"
Directory: /home/andrear/tqDist/bin
"test_triplet" start time: Feb 12 22:04 GMT
Output:
----------------------------------------------------------
<end of output>
Test time =   0.07 sec
----------------------------------------------------------
Test Passed.
"test_triplet" end time: Feb 12 22:04 GMT
"test_triplet" time elapsed: 00:00:00
----------------------------------------------------------

2/2 Testing: test_quartet
2/2 Test: test_quartet
Command: "/home/andrear/tqDist/bin/test_quartet"
Directory: /home/andrear/tqDist/bin
"test_quartet" start time: Feb 12 22:04 GMT
Output:
----------------------------------------------------------
<end of output>
Test time =   0.04 sec
----------------------------------------------------------
Test Passed.
"test_quartet" end time: Feb 12 22:04 GMT
"test_quartet" time elapsed: 00:00:00
----------------------------------------------------------

End testing: Feb 12 22:04 GMT
